Arguments: 
  C:\Program Files\nodejs\node.exe C:\Program Files\nodejs\node_modules\yarn\bin\yarn.js add babel-preset-react@6.24.1 bebel-preset-env@1.5.2

PATH: 
  C:\Rtools\bin;C:\Python27\;C:\Python27\Scripts;C:\Python38\Scripts\;C:\Python38\;C:\ProgramData\Oracle\Java\javapath;C:\Program Files (x86)\Intel\iCLS Client\;C:\Program Files\Intel\iCLS Client\;C:\WINDOWS\system32;C:\WINDOWS;C:\WINDOWS\System32\Wbem;C:\WINDOWS\System32\WindowsPowerShell\v1.0\;C:\Program Files (x86)\PuTTY\;C:\Program Files\Intel\WiFi\bin\;C:\Program Files\Common Files\Intel\WirelessCommon\;C:\Program Files (x86)\GtkSharp\2.12\bin;C:\Program Files\Microsoft SQL Server\110\Tools\Binn\;C:\Program Files (x86)\Windows Live\Shared;C:\ProgramData\ComposerSetup\bin;C:\ProgramData\chocolatey\bin;C:\Program Files\Calibre2\;C:\Program Files\Git\cmd;C:\PHP7;C:\ProgramData\nvm;C:\Program Files\nodejs;;D:\Program Files\Microsoft VS Code\bin;C:\Users\juanmalunatic\AppData\Local\Programs\MiKTeX 2.9\miktex\bin\;C:\Program Files\Intel\WiFi\bin\;C:\Program Files\Common Files\Intel\WirelessCommon\;D:\xampp\mysql\bin;D:\xampp\php;C:\Users\juanmalunatic\AppData\Roaming\Composer\vendor\bin;D:\Program Files\Microsoft VS Code\bin

Yarn version: 
  1.17.3

Node version: 
  10.16.3

Platform: 
  win32 x64

Trace: 
  Error: https://registry.yarnpkg.com/bebel-preset-env: Not found
      at Request.params.callback [as _callback] (C:\ProgramData\nvm\v10.16.3\node_modules\yarn\lib\cli.js:66830:18)
      at Request.self.callback (C:\ProgramData\nvm\v10.16.3\node_modules\yarn\lib\cli.js:140464:22)
      at Request.emit (events.js:198:13)
      at Request.<anonymous> (C:\ProgramData\nvm\v10.16.3\node_modules\yarn\lib\cli.js:141436:10)
      at Request.emit (events.js:198:13)
      at IncomingMessage.<anonymous> (C:\ProgramData\nvm\v10.16.3\node_modules\yarn\lib\cli.js:141358:12)
      at Object.onceWrapper (events.js:286:20)
      at IncomingMessage.emit (events.js:203:15)
      at endReadableNT (_stream_readable.js:1145:12)
      at process._tickCallback (internal/process/next_tick.js:63:19)

npm manifest: 
  {
    "name": "react-indecision-app",
    "version": "1.0.0",
    "main": "index.js",
    "repository": "https://github.com/juanmalunatic/react-indecision-app.git",
    "author": "juanmalunatic <juanmaluna1991@gmail.com>",
    "license": "MIT"
  }

yarn manifest: 
  No manifest

Lockfile: 
  No lockfile
